# JRE version: Java(TM) SE Runtime Environment (14.0.2+12) (build 14.0.2+12-46)
# Java VM: Java HotSpot(TM) 64-Bit Server VM (14.0.2+12-46, mixed mode, sharing, tiered, compressed oops, parallel gc, linux-amd64)
Heap:
 PSYoungGen      total 79360K, used 10217K [0x00000000eab00000, 0x00000000f0300000, 0x0000000100000000)
  eden space 69120K, 0% used [0x00000000eab00000,0x00000000eab00000,0x00000000eee80000)
  from space 10240K, 99% used [0x00000000eee80000,0x00000000ef87a538,0x00000000ef880000)
  to   space 10752K, 0% used [0x00000000ef880000,0x00000000ef880000,0x00000000f0300000)
 ParOldGen       total 265728K, used 224154K [0x00000000c0000000, 0x00000000d0380000, 0x00000000eab00000)
  object space 265728K, 84% used [0x00000000c0000000,0x00000000cdae6a98,0x00000000d0380000)
 Metaspace       used 78184K, capacity 81738K, committed 81944K, reserved 1122304K
  class space    used 8829K, capacity 9979K, committed 10096K, reserved 1048576K
GC Heap History (20 events):
Event: 185.120 GC heap after
{Heap after GC invocations=521 (full 22):
 PSYoungGen      total 58880K, used 10285K [0x00000000eab00000, 0x00000000ef300000, 0x0000000100000000)
  eden space 47104K, 0% used [0x00000000eab00000,0x00000000eab00000,0x00000000ed900000)
  from space 11776K, 87% used [0x00000000ed900000,0x00000000ee30b7e0,0x00000000ee480000)
  to   space 10752K, 0% used [0x00000000ee880000,0x00000000ee880000,0x00000000ef300000)
 ParOldGen       total 265728K, used 210627K [0x00000000c0000000, 0x00000000d0380000, 0x00000000eab00000)
  object space 265728K, 79% used [0x00000000c0000000,0x00000000ccdb0e70,0x00000000d0380000)
 Metaspace       used 78181K, capacity 81738K, committed 81944K, reserved 1122304K
  class space    used 8829K, capacity 9979K, committed 10096K, reserved 1048576K
}
Event: 185.244 GC heap before
{Heap before GC invocations=522 (full 22):
 PSYoungGen      total 58880K, used 57389K [0x00000000eab00000, 0x00000000ef300000, 0x0000000100000000)
  eden space 47104K, 100% used [0x00000000eab00000,0x00000000ed900000,0x00000000ed900000)
  from space 11776K, 87% used [0x00000000ed900000,0x00000000ee30b7e0,0x00000000ee480000)
  to   space 10752K, 0% used [0x00000000ee880000,0x00000000ee880000,0x00000000ef300000)
 ParOldGen       total 265728K, used 210627K [0x00000000c0000000, 0x00000000d0380000, 0x00000000eab00000)
  object space 265728K, 79% used [0x00000000c0000000,0x00000000ccdb0e70,0x00000000d0380000)
 Metaspace       used 78183K, capacity 81738K, committed 81944K, reserved 1122304K
  class space    used 8829K, capacity 9979K, committed 10096K, reserved 1048576K
}
Event: 185.283 GC heap after
{Heap after GC invocations=522 (full 22):
 PSYoungGen      total 60416K, used 10735K [0x00000000eab00000, 0x00000000ef800000, 0x0000000100000000)
  eden space 49664K, 0% used [0x00000000eab00000,0x00000000eab00000,0x00000000edb80000)
  from space 10752K, 99% used [0x00000000ee880000,0x00000000ef2fbe78,0x00000000ef300000)
  to   space 13312K, 0% used [0x00000000edb80000,0x00000000edb80000,0x00000000ee880000)
 ParOldGen       total 265728K, used 212730K [0x00000000c0000000, 0x00000000d0380000, 0x00000000eab00000)
  object space 265728K, 80% used [0x00000000c0000000,0x00000000ccfbeb30,0x00000000d0380000)
 Metaspace       used 78183K, capacity 81738K, committed 81944K, reserved 1122304K
  class space    used 8829K, capacity 9979K, committed 10096K, reserved 1048576K
}
Event: 185.457 GC heap before
{Heap before GC invocations=523 (full 22):
 PSYoungGen      total 60416K, used 60399K [0x00000000eab00000, 0x00000000ef800000, 0x0000000100000000)
  eden space 49664K, 100% used [0x00000000eab00000,0x00000000edb80000,0x00000000edb80000)
  from space 10752K, 99% used [0x00000000ee880000,0x00000000ef2fbe78,0x00000000ef300000)
  to   space 13312K, 0% used [0x00000000edb80000,0x00000000edb80000,0x00000000ee880000)
 ParOldGen       total 265728K, used 212730K [0x00000000c0000000, 0x00000000d0380000, 0x00000000eab00000)
  object space 265728K, 80% used [0x00000000c0000000,0x00000000ccfbeb30,0x00000000d0380000)
 Metaspace       used 78184K, capacity 81738K, committed 81944K, reserved 1122304K
  class space    used 8829K, capacity 9979K, committed 10096K, reserved 1048576K
}
Event: 185.489 GC heap after
{Heap after GC invocations=523 (full 22):
 PSYoungGen      total 62976K, used 7205K [0x00000000eab00000, 0x00000000ef380000, 0x0000000100000000)
  eden space 49664K, 0% used [0x00000000eab00000,0x00000000eab00000,0x00000000edb80000)
  from space 13312K, 54% used [0x00000000edb80000,0x00000000ee2897a8,0x00000000ee880000)
  to   space 9728K, 0% used [0x00000000eea00000,0x00000000eea00000,0x00000000ef380000)
 ParOldGen       total 265728K, used 217837K [0x00000000c0000000, 0x00000000d0380000, 0x00000000eab00000)
  object space 265728K, 81% used [0x00000000c0000000,0x00000000cd4bb618,0x00000000d0380000)
 Metaspace       used 78184K, capacity 81738K, committed 81944K, reserved 1122304K
  class space    used 8829K, capacity 9979K, committed 10096K, reserved 1048576K
}
Event: 185.581 GC heap before
{Heap before GC invocations=524 (full 22):
 PSYoungGen      total 62976K, used 56869K [0x00000000eab00000, 0x00000000ef380000, 0x0000000100000000)
  eden space 49664K, 100% used [0x00000000eab00000,0x00000000edb80000,0x00000000edb80000)
  from space 13312K, 54% used [0x00000000edb80000,0x00000000ee2897a8,0x00000000ee880000)
  to   space 9728K, 0% used [0x00000000eea00000,0x00000000eea00000,0x00000000ef380000)
 ParOldGen       total 265728K, used 217837K [0x00000000c0000000, 0x00000000d0380000, 0x00000000eab00000)
  object space 265728K, 81% used [0x00000000c0000000,0x00000000cd4bb618,0x00000000d0380000)
 Metaspace       used 78184K, capacity 81738K, committed 81944K, reserved 1122304K
  class space    used 8829K, capacity 9979K, committed 10096K, reserved 1048576K
}
Event: 185.593 GC heap after
{Heap after GC invocations=524 (full 22):
 PSYoungGen      total 61952K, used 7054K [0x00000000eab00000, 0x00000000ef100000, 0x0000000100000000)
  eden space 54784K, 0% used [0x00000000eab00000,0x00000000eab00000,0x00000000ee080000)
  from space 7168K, 98% used [0x00000000eea00000,0x00000000ef0e3a98,0x00000000ef100000)
  to   space 7680K, 0% used [0x00000000ee200000,0x00000000ee200000,0x00000000ee980000)
 ParOldGen       total 265728K, used 217949K [0x00000000c0000000, 0x00000000d0380000, 0x00000000eab00000)
  object space 265728K, 82% used [0x00000000c0000000,0x00000000cd4d7618,0x00000000d0380000)
 Metaspace       used 78184K, capacity 81738K, committed 81944K, reserved 1122304K
  class space    used 8829K, capacity 9979K, committed 10096K, reserved 1048576K
}
Event: 185.693 GC heap before
{Heap before GC invocations=525 (full 22):
 PSYoungGen      total 61952K, used 61838K [0x00000000eab00000, 0x00000000ef100000, 0x0000000100000000)
  eden space 54784K, 100% used [0x00000000eab00000,0x00000000ee080000,0x00000000ee080000)
  from space 7168K, 98% used [0x00000000eea00000,0x00000000ef0e3a98,0x00000000ef100000)
  to   space 7680K, 0% used [0x00000000ee200000,0x00000000ee200000,0x00000000ee980000)
 ParOldGen       total 265728K, used 217949K [0x00000000c0000000, 0x00000000d0380000, 0x00000000eab00000)
  object space 265728K, 82% used [0x00000000c0000000,0x00000000cd4d7618,0x00000000d0380000)
 Metaspace       used 78184K, capacity 81738K, committed 81944K, reserved 1122304K
  class space    used 8829K, capacity 9979K, committed 10096K, reserved 1048576K
}
Event: 185.712 GC heap after
{Heap after GC invocations=525 (full 22):
 PSYoungGen      total 64000K, used 7246K [0x00000000eab00000, 0x00000000ef480000, 0x0000000100000000)
  eden space 56320K, 0% used [0x00000000eab00000,0x00000000eab00000,0x00000000ee200000)
  from space 7680K, 94% used [0x00000000ee200000,0x00000000ee913a98,0x00000000ee980000)
  to   space 7680K, 0% used [0x00000000eed00000,0x00000000eed00000,0x00000000ef480000)
 ParOldGen       total 265728K, used 217949K [0x00000000c0000000, 0x00000000d0380000, 0x00000000eab00000)
  object space 265728K, 82% used [0x00000000c0000000,0x00000000cd4d7618,0x00000000d0380000)
 Metaspace       used 78184K, capacity 81738K, committed 81944K, reserved 1122304K
  class space    used 8829K, capacity 9979K, committed 10096K, reserved 1048576K
}
Event: 185.837 GC heap before
{Heap before GC invocations=526 (full 22):
 PSYoungGen      total 64000K, used 63566K [0x00000000eab00000, 0x00000000ef480000, 0x0000000100000000)
  eden space 56320K, 100% used [0x00000000eab00000,0x00000000ee200000,0x00000000ee200000)
  from space 7680K, 94% used [0x00000000ee200000,0x00000000ee913a98,0x00000000ee980000)
  to   space 7680K, 0% used [0x00000000eed00000,0x00000000eed00000,0x00000000ef480000)
 ParOldGen       total 265728K, used 217949K [0x00000000c0000000, 0x00000000d0380000, 0x00000000eab00000)
  object space 265728K, 82% used [0x00000000c0000000,0x00000000cd4d7618,0x00000000d0380000)
 Metaspace       used 78184K, capacity 81738K, committed 81944K, reserved 1122304K
  class space    used 8829K, capacity 9979K, committed 10096K, reserved 1048576K
}
Event: 185.891 GC heap after
{Heap after GC invocations=526 (full 22):
 PSYoungGen      total 64512K, used 7678K [0x00000000eab00000, 0x00000000efc80000, 0x0000000100000000)
  eden space 56832K, 0% used [0x00000000eab00000,0x00000000eab00000,0x00000000ee280000)
  from space 7680K, 99% used [0x00000000eed00000,0x00000000ef47fa18,0x00000000ef480000)
  to   space 10752K, 0% used [0x00000000ee280000,0x00000000ee280000,0x00000000eed00000)
 ParOldGen       total 265728K, used 220382K [0x00000000c0000000, 0x00000000d0380000, 0x00000000eab00000)
  object space 265728K, 82% used [0x00000000c0000000,0x00000000cd737b20,0x00000000d0380000)
 Metaspace       used 78184K, capacity 81738K, committed 81944K, reserved 1122304K
  class space    used 8829K, capacity 9979K, committed 10096K, reserved 1048576K
}
Event: 186.111 GC heap before
{Heap before GC invocations=527 (full 22):
 PSYoungGen      total 64512K, used 64510K [0x00000000eab00000, 0x00000000efc80000, 0x0000000100000000)
  eden space 56832K, 100% used [0x00000000eab00000,0x00000000ee280000,0x00000000ee280000)
  from space 7680K, 99% used [0x00000000eed00000,0x00000000ef47fa18,0x00000000ef480000)
  to   space 10752K, 0% used [0x00000000ee280000,0x00000000ee280000,0x00000000eed00000)
 ParOldGen       total 265728K, used 220382K [0x00000000c0000000, 0x00000000d0380000, 0x00000000eab00000)
  object space 265728K, 82% used [0x00000000c0000000,0x00000000cd737b20,0x00000000d0380000)
 Metaspace       used 78184K, capacity 81738K, committed 81944K, reserved 1122304K
  class space    used 8829K, capacity 9979K, committed 10096K, reserved 1048576K
}
Event: 186.144 GC heap after
{Heap after GC invocations=527 (full 22):
 PSYoungGen      total 67584K, used 9766K [0x00000000eab00000, 0x00000000efc00000, 0x0000000100000000)
  eden space 56832K, 0% used [0x00000000eab00000,0x00000000eab00000,0x00000000ee280000)
  from space 10752K, 90% used [0x00000000ee280000,0x00000000eec09a78,0x00000000eed00000)
  to   space 10240K, 0% used [0x00000000ef200000,0x00000000ef200000,0x00000000efc00000)
 ParOldGen       total 265728K, used 220542K [0x00000000c0000000, 0x00000000d0380000, 0x00000000eab00000)
  object space 265728K, 82% used [0x00000000c0000000,0x00000000cd75fb20,0x00000000d0380000)
 Metaspace       used 78184K, capacity 81738K, committed 81944K, reserved 1122304K
  class space    used 8829K, capacity 9979K, committed 10096K, reserved 1048576K
}
Event: 186.301 GC heap before
{Heap before GC invocations=528 (full 22):
 PSYoungGen      total 67584K, used 66598K [0x00000000eab00000, 0x00000000efc00000, 0x0000000100000000)
  eden space 56832K, 100% used [0x00000000eab00000,0x00000000ee280000,0x00000000ee280000)
  from space 10752K, 90% used [0x00000000ee280000,0x00000000eec09a78,0x00000000eed00000)
  to   space 10240K, 0% used [0x00000000ef200000,0x00000000ef200000,0x00000000efc00000)
 ParOldGen       total 265728K, used 220542K [0x00000000c0000000, 0x00000000d0380000, 0x00000000eab00000)
  object space 265728K, 82% used [0x00000000c0000000,0x00000000cd75fb20,0x00000000d0380000)
 Metaspace       used 78184K, capacity 81738K, committed 81944K, reserved 1122304K
  class space    used 8829K, capacity 9979K, committed 10096K, reserved 1048576K
}
Event: 186.326 GC heap after
{Heap after GC invocations=528 (full 22):
 PSYoungGen      total 72192K, used 9351K [0x00000000eab00000, 0x00000000efb80000, 0x0000000100000000)
  eden space 62464K, 0% used [0x00000000eab00000,0x00000000eab00000,0x00000000ee800000)
  from space 9728K, 96% used [0x00000000ef200000,0x00000000efb21ec8,0x00000000efb80000)
  to   space 9728K, 0% used [0x00000000ee880000,0x00000000ee880000,0x00000000ef200000)
 ParOldGen       total 265728K, used 220542K [0x00000000c0000000, 0x00000000d0380000, 0x00000000eab00000)
  object space 265728K, 82% used [0x00000000c0000000,0x00000000cd75fb20,0x00000000d0380000)
 Metaspace       used 78184K, capacity 81738K, committed 81944K, reserved 1122304K
  class space    used 8829K, capacity 9979K, committed 10096K, reserved 1048576K
}
Event: 186.406 GC heap before
{Heap before GC invocations=529 (full 22):
 PSYoungGen      total 72192K, used 71815K [0x00000000eab00000, 0x00000000efb80000, 0x0000000100000000)
  eden space 62464K, 100% used [0x00000000eab00000,0x00000000ee800000,0x00000000ee800000)
  from space 9728K, 96% used [0x00000000ef200000,0x00000000efb21ec8,0x00000000efb80000)
  to   space 9728K, 0% used [0x00000000ee880000,0x00000000ee880000,0x00000000ef200000)
 ParOldGen       total 265728K, used 220542K [0x00000000c0000000, 0x00000000d0380000, 0x00000000eab00000)
  object space 265728K, 82% used [0x00000000c0000000,0x00000000cd75fb20,0x00000000d0380000)
 Metaspace       used 78184K, capacity 81738K, committed 81944K, reserved 1122304K
  class space    used 8829K, capacity 9979K, committed 10096K, reserved 1048576K
}
Event: 186.418 GC heap after
{Heap after GC invocations=529 (full 22):
 PSYoungGen      total 72704K, used 9719K [0x00000000eab00000, 0x00000000f0380000, 0x0000000100000000)
  eden space 62976K, 0% used [0x00000000eab00000,0x00000000eab00000,0x00000000ee880000)
  from space 9728K, 99% used [0x00000000ee880000,0x00000000ef1fdeb0,0x00000000ef200000)
  to   space 11264K, 0% used [0x00000000ef880000,0x00000000ef880000,0x00000000f0380000)
 ParOldGen       total 265728K, used 221602K [0x00000000c0000000, 0x00000000d0380000, 0x00000000eab00000)
  object space 265728K, 83% used [0x00000000c0000000,0x00000000cd868a88,0x00000000d0380000)
 Metaspace       used 78184K, capacity 81738K, committed 81944K, reserved 1122304K
  class space    used 8829K, capacity 9979K, committed 10096K, reserved 1048576K
}
Event: 186.588 GC heap before
{Heap before GC invocations=530 (full 22):
 PSYoungGen      total 72704K, used 72695K [0x00000000eab00000, 0x00000000f0380000, 0x0000000100000000)
  eden space 62976K, 100% used [0x00000000eab00000,0x00000000ee880000,0x00000000ee880000)
  from space 9728K, 99% used [0x00000000ee880000,0x00000000ef1fdeb0,0x00000000ef200000)
  to   space 11264K, 0% used [0x00000000ef880000,0x00000000ef880000,0x00000000f0380000)
 ParOldGen       total 265728K, used 221602K [0x00000000c0000000, 0x00000000d0380000, 0x00000000eab00000)
  object space 265728K, 83% used [0x00000000c0000000,0x00000000cd868a88,0x00000000d0380000)
 Metaspace       used 78184K, capacity 81738K, committed 81944K, reserved 1122304K
  class space    used 8829K, capacity 9979K, committed 10096K, reserved 1048576K
}
Event: 186.700 GC heap after
{Heap after GC invocations=530 (full 22):
 PSYoungGen      total 79872K, used 9731K [0x00000000eab00000, 0x00000000f0300000, 0x0000000100000000)
  eden space 69120K, 0% used [0x00000000eab00000,0x00000000eab00000,0x00000000eee80000)
  from space 10752K, 90% used [0x00000000ef880000,0x00000000f0200e00,0x00000000f0300000)
  to   space 10240K, 0% used [0x00000000eee80000,0x00000000eee80000,0x00000000ef880000)
 ParOldGen       total 265728K, used 221922K [0x00000000c0000000, 0x00000000d0380000, 0x00000000eab00000)
  object space 265728K, 83% used [0x00000000c0000000,0x00000000cd8b8a98,0x00000000d0380000)
 Metaspace       used 78184K, capacity 81738K, committed 81944K, reserved 1122304K
  class space    used 8829K, capacity 9979K, committed 10096K, reserved 1048576K
}
Event: 187.007 GC heap before
{Heap before GC invocations=531 (full 22):
 PSYoungGen      total 79872K, used 78851K [0x00000000eab00000, 0x00000000f0300000, 0x0000000100000000)
  eden space 69120K, 100% used [0x00000000eab00000,0x00000000eee80000,0x00000000eee80000)
  from space 10752K, 90% used [0x00000000ef880000,0x00000000f0200e00,0x00000000f0300000)
  to   space 10240K, 0% used [0x00000000eee80000,0x00000000eee80000,0x00000000ef880000)
 ParOldGen       total 265728K, used 221922K [0x00000000c0000000, 0x00000000d0380000, 0x00000000eab00000)
  object space 265728K, 83% used [0x00000000c0000000,0x00000000cd8b8a98,0x00000000d0380000)
 Metaspace       used 78184K, capacity 81738K, committed 81944K, reserved 1122304K
  class space    used 8829K, capacity 9979K, committed 10096K, reserved 1048576K
}

