# JRE version: Java(TM) SE Runtime Environment (14.0.2+12) (build 14.0.2+12-46)
# Java VM: Java HotSpot(TM) 64-Bit Server VM (14.0.2+12-46, mixed mode, sharing, tiered, compressed oops, parallel gc, linux-amd64)
Heap:
 PSYoungGen      total 19968K, used 12347K [0x00000000eab00000, 0x00000000ec480000, 0x0000000100000000)
  eden space 13824K, 88% used [0x00000000eab00000,0x00000000eb6fec98,0x00000000eb880000)
  from space 6144K, 1% used [0x00000000eba80000,0x00000000eba90000,0x00000000ec080000)
  to   space 2048K, 0% used [0x00000000ec280000,0x00000000ec280000,0x00000000ec480000)
 ParOldGen       total 154112K, used 121630K [0x00000000c0000000, 0x00000000c9680000, 0x00000000eab00000)
  object space 154112K, 78% used [0x00000000c0000000,0x00000000c76c78d0,0x00000000c9680000)
 Metaspace       used 71545K, capacity 74792K, committed 75056K, reserved 1116160K
  class space    used 8190K, capacity 9219K, committed 9344K, reserved 1048576K
GC Heap History (20 events):
Event: 146.645 GC heap before
{Heap before GC invocations=227 (full 10):
 PSYoungGen      total 31232K, used 30848K [0x00000000eab00000, 0x00000000ed200000, 0x0000000100000000)
  eden space 24064K, 100% used [0x00000000eab00000,0x00000000ec280000,0x00000000ec280000)
  from space 7168K, 94% used [0x00000000ec600000,0x00000000ecca0010,0x00000000ecd00000)
  to   space 5120K, 0% used [0x00000000ecd00000,0x00000000ecd00000,0x00000000ed200000)
 ParOldGen       total 152576K, used 131900K [0x00000000c0000000, 0x00000000c9500000, 0x00000000eab00000)
  object space 152576K, 86% used [0x00000000c0000000,0x00000000c80cf0a0,0x00000000c9500000)
 Metaspace       used 70749K, capacity 74022K, committed 74160K, reserved 1114112K
  class space    used 8159K, capacity 9205K, committed 9216K, reserved 1048576K
}
Event: 146.667 GC heap after
{Heap after GC invocations=227 (full 10):
 PSYoungGen      total 24064K, used 5104K [0x00000000eab00000, 0x00000000ee180000, 0x0000000100000000)
  eden space 18944K, 0% used [0x00000000eab00000,0x00000000eab00000,0x00000000ebd80000)
  from space 5120K, 99% used [0x00000000ecd00000,0x00000000ed1fc020,0x00000000ed200000)
  to   space 15872K, 0% used [0x00000000ebd80000,0x00000000ebd80000,0x00000000ecd00000)
 ParOldGen       total 152576K, used 141152K [0x00000000c0000000, 0x00000000c9500000, 0x00000000eab00000)
  object space 152576K, 92% used [0x00000000c0000000,0x00000000c89d80e0,0x00000000c9500000)
 Metaspace       used 70749K, capacity 74022K, committed 74160K, reserved 1114112K
  class space    used 8159K, capacity 9205K, committed 9216K, reserved 1048576K
}
Event: 146.776 GC heap before
{Heap before GC invocations=228 (full 10):
 PSYoungGen      total 24064K, used 24048K [0x00000000eab00000, 0x00000000ee180000, 0x0000000100000000)
  eden space 18944K, 100% used [0x00000000eab00000,0x00000000ebd80000,0x00000000ebd80000)
  from space 5120K, 99% used [0x00000000ecd00000,0x00000000ed1fc020,0x00000000ed200000)
  to   space 15872K, 0% used [0x00000000ebd80000,0x00000000ebd80000,0x00000000ecd00000)
 ParOldGen       total 152576K, used 141152K [0x00000000c0000000, 0x00000000c9500000, 0x00000000eab00000)
  object space 152576K, 92% used [0x00000000c0000000,0x00000000c89d80e0,0x00000000c9500000)
 Metaspace       used 70806K, capacity 74022K, committed 74160K, reserved 1114112K
  class space    used 8159K, capacity 9205K, committed 9216K, reserved 1048576K
}
Event: 146.785 GC heap after
{Heap after GC invocations=228 (full 10):
 PSYoungGen      total 29696K, used 10751K [0x00000000eab00000, 0x00000000ed580000, 0x0000000100000000)
  eden space 18944K, 0% used [0x00000000eab00000,0x00000000eab00000,0x00000000ebd80000)
  from space 10752K, 99% used [0x00000000ebd80000,0x00000000ec7ffd70,0x00000000ec800000)
  to   space 12288K, 0% used [0x00000000ec980000,0x00000000ec980000,0x00000000ed580000)
 ParOldGen       total 152576K, used 145484K [0x00000000c0000000, 0x00000000c9500000, 0x00000000eab00000)
  object space 152576K, 95% used [0x00000000c0000000,0x00000000c8e13150,0x00000000c9500000)
 Metaspace       used 70806K, capacity 74022K, committed 74160K, reserved 1114112K
  class space    used 8159K, capacity 9205K, committed 9216K, reserved 1048576K
}
Event: 146.896 GC heap before
{Heap before GC invocations=229 (full 10):
 PSYoungGen      total 29696K, used 29695K [0x00000000eab00000, 0x00000000ed580000, 0x0000000100000000)
  eden space 18944K, 100% used [0x00000000eab00000,0x00000000ebd80000,0x00000000ebd80000)
  from space 10752K, 99% used [0x00000000ebd80000,0x00000000ec7ffd70,0x00000000ec800000)
  to   space 12288K, 0% used [0x00000000ec980000,0x00000000ec980000,0x00000000ed580000)
 ParOldGen       total 152576K, used 145484K [0x00000000c0000000, 0x00000000c9500000, 0x00000000eab00000)
  object space 152576K, 95% used [0x00000000c0000000,0x00000000c8e13150,0x00000000c9500000)
 Metaspace       used 70875K, capacity 74086K, committed 74416K, reserved 1114112K
  class space    used 8159K, capacity 9205K, committed 9216K, reserved 1048576K
}
Event: 146.905 GC heap after
{Heap after GC invocations=229 (full 10):
 PSYoungGen      total 26112K, used 12258K [0x00000000eab00000, 0x00000000edf80000, 0x0000000100000000)
  eden space 13824K, 0% used [0x00000000eab00000,0x00000000eab00000,0x00000000eb880000)
  from space 12288K, 99% used [0x00000000ec980000,0x00000000ed578a00,0x00000000ed580000)
  to   space 17408K, 0% used [0x00000000eb880000,0x00000000eb880000,0x00000000ec980000)
 ParOldGen       total 152576K, used 149238K [0x00000000c0000000, 0x00000000c9500000, 0x00000000eab00000)
  object space 152576K, 97% used [0x00000000c0000000,0x00000000c91bd810,0x00000000c9500000)
 Metaspace       used 70875K, capacity 74086K, committed 74416K, reserved 1114112K
  class space    used 8159K, capacity 9205K, committed 9216K, reserved 1048576K
}
Event: 146.905 GC heap before
{Heap before GC invocations=230 (full 11):
 PSYoungGen      total 26112K, used 12258K [0x00000000eab00000, 0x00000000edf80000, 0x0000000100000000)
  eden space 13824K, 0% used [0x00000000eab00000,0x00000000eab00000,0x00000000eb880000)
  from space 12288K, 99% used [0x00000000ec980000,0x00000000ed578a00,0x00000000ed580000)
  to   space 17408K, 0% used [0x00000000eb880000,0x00000000eb880000,0x00000000ec980000)
 ParOldGen       total 152576K, used 149238K [0x00000000c0000000, 0x00000000c9500000, 0x00000000eab00000)
  object space 152576K, 97% used [0x00000000c0000000,0x00000000c91bd810,0x00000000c9500000)
 Metaspace       used 70875K, capacity 74086K, committed 74416K, reserved 1114112K
  class space    used 8159K, capacity 9205K, committed 9216K, reserved 1048576K
}
Event: 147.007 GC heap after
{Heap after GC invocations=230 (full 11):
 PSYoungGen      total 31232K, used 0K [0x00000000eab00000, 0x00000000eda80000, 0x0000000100000000)
  eden space 13824K, 0% used [0x00000000eab00000,0x00000000eab00000,0x00000000eb880000)
  from space 17408K, 0% used [0x00000000eb880000,0x00000000eb880000,0x00000000ec980000)
  to   space 17408K, 0% used [0x00000000ec980000,0x00000000ec980000,0x00000000eda80000)
 ParOldGen       total 154112K, used 113430K [0x00000000c0000000, 0x00000000c9680000, 0x00000000eab00000)
  object space 154112K, 73% used [0x00000000c0000000,0x00000000c6ec5810,0x00000000c9680000)
 Metaspace       used 70875K, capacity 74086K, committed 74416K, reserved 1114112K
  class space    used 8159K, capacity 9205K, committed 9216K, reserved 1048576K
}
Event: 147.057 GC heap before
{Heap before GC invocations=231 (full 11):
 PSYoungGen      total 31232K, used 13824K [0x00000000eab00000, 0x00000000eda80000, 0x0000000100000000)
  eden space 13824K, 100% used [0x00000000eab00000,0x00000000eb880000,0x00000000eb880000)
  from space 17408K, 0% used [0x00000000eb880000,0x00000000eb880000,0x00000000ec980000)
  to   space 17408K, 0% used [0x00000000ec980000,0x00000000ec980000,0x00000000eda80000)
 ParOldGen       total 154112K, used 113430K [0x00000000c0000000, 0x00000000c9680000, 0x00000000eab00000)
  object space 154112K, 73% used [0x00000000c0000000,0x00000000c6ec5810,0x00000000c9680000)
 Metaspace       used 70929K, capacity 74150K, committed 74416K, reserved 1114112K
  class space    used 8159K, capacity 9205K, committed 9216K, reserved 1048576K
}
Event: 147.060 GC heap after
{Heap after GC invocations=231 (full 11):
 PSYoungGen      total 15872K, used 1792K [0x00000000eab00000, 0x00000000ecb80000, 0x0000000100000000)
  eden space 13824K, 0% used [0x00000000eab00000,0x00000000eab00000,0x00000000eb880000)
  from space 2048K, 87% used [0x00000000ec980000,0x00000000ecb40000,0x00000000ecb80000)
  to   space 7168K, 0% used [0x00000000ebd80000,0x00000000ebd80000,0x00000000ec480000)
 ParOldGen       total 154112K, used 113438K [0x00000000c0000000, 0x00000000c9680000, 0x00000000eab00000)
  object space 154112K, 73% used [0x00000000c0000000,0x00000000c6ec7810,0x00000000c9680000)
 Metaspace       used 70929K, capacity 74150K, committed 74416K, reserved 1114112K
  class space    used 8159K, capacity 9205K, committed 9216K, reserved 1048576K
}
Event: 147.133 GC heap before
{Heap before GC invocations=232 (full 11):
 PSYoungGen      total 15872K, used 15616K [0x00000000eab00000, 0x00000000ecb80000, 0x0000000100000000)
  eden space 13824K, 100% used [0x00000000eab00000,0x00000000eb880000,0x00000000eb880000)
  from space 2048K, 87% used [0x00000000ec980000,0x00000000ecb40000,0x00000000ecb80000)
  to   space 7168K, 0% used [0x00000000ebd80000,0x00000000ebd80000,0x00000000ec480000)
 ParOldGen       total 154112K, used 113438K [0x00000000c0000000, 0x00000000c9680000, 0x00000000eab00000)
  object space 154112K, 73% used [0x00000000c0000000,0x00000000c6ec7810,0x00000000c9680000)
 Metaspace       used 70975K, capacity 74214K, committed 74416K, reserved 1114112K
  class space    used 8159K, capacity 9205K, committed 9216K, reserved 1048576K
}
Event: 147.137 GC heap after
{Heap after GC invocations=232 (full 11):
 PSYoungGen      total 20992K, used 3614K [0x00000000eab00000, 0x00000000eca00000, 0x0000000100000000)
  eden space 13824K, 0% used [0x00000000eab00000,0x00000000eab00000,0x00000000eb880000)
  from space 7168K, 50% used [0x00000000ebd80000,0x00000000ec107a28,0x00000000ec480000)
  to   space 4096K, 0% used [0x00000000ec600000,0x00000000ec600000,0x00000000eca00000)
 ParOldGen       total 154112K, used 113438K [0x00000000c0000000, 0x00000000c9680000, 0x00000000eab00000)
  object space 154112K, 73% used [0x00000000c0000000,0x00000000c6ec7810,0x00000000c9680000)
 Metaspace       used 70975K, capacity 74214K, committed 74416K, reserved 1114112K
  class space    used 8159K, capacity 9205K, committed 9216K, reserved 1048576K
}
Event: 147.210 GC heap before
{Heap before GC invocations=233 (full 11):
 PSYoungGen      total 20992K, used 17438K [0x00000000eab00000, 0x00000000eca00000, 0x0000000100000000)
  eden space 13824K, 100% used [0x00000000eab00000,0x00000000eb880000,0x00000000eb880000)
  from space 7168K, 50% used [0x00000000ebd80000,0x00000000ec107a28,0x00000000ec480000)
  to   space 4096K, 0% used [0x00000000ec600000,0x00000000ec600000,0x00000000eca00000)
 ParOldGen       total 154112K, used 113438K [0x00000000c0000000, 0x00000000c9680000, 0x00000000eab00000)
  object space 154112K, 73% used [0x00000000c0000000,0x00000000c6ec7810,0x00000000c9680000)
 Metaspace       used 71036K, capacity 74283K, committed 74416K, reserved 1114112K
  class space    used 8159K, capacity 9205K, committed 9216K, reserved 1048576K
}
Event: 147.215 GC heap after
{Heap after GC invocations=233 (full 11):
 PSYoungGen      total 17920K, used 3696K [0x00000000eab00000, 0x00000000eca00000, 0x0000000100000000)
  eden space 13824K, 0% used [0x00000000eab00000,0x00000000eab00000,0x00000000eb880000)
  from space 4096K, 90% used [0x00000000ec600000,0x00000000ec99c020,0x00000000eca00000)
  to   space 4096K, 0% used [0x00000000ec200000,0x00000000ec200000,0x00000000ec600000)
 ParOldGen       total 154112K, used 115018K [0x00000000c0000000, 0x00000000c9680000, 0x00000000eab00000)
  object space 154112K, 74% used [0x00000000c0000000,0x00000000c7052860,0x00000000c9680000)
 Metaspace       used 71036K, capacity 74283K, committed 74416K, reserved 1114112K
  class space    used 8159K, capacity 9205K, committed 9216K, reserved 1048576K
}
Event: 167.060 GC heap before
{Heap before GC invocations=234 (full 11):
 PSYoungGen      total 17920K, used 17520K [0x00000000eab00000, 0x00000000eca00000, 0x0000000100000000)
  eden space 13824K, 100% used [0x00000000eab00000,0x00000000eb880000,0x00000000eb880000)
  from space 4096K, 90% used [0x00000000ec600000,0x00000000ec99c020,0x00000000eca00000)
  to   space 4096K, 0% used [0x00000000ec200000,0x00000000ec200000,0x00000000ec600000)
 ParOldGen       total 154112K, used 115018K [0x00000000c0000000, 0x00000000c9680000, 0x00000000eab00000)
  object space 154112K, 74% used [0x00000000c0000000,0x00000000c7052860,0x00000000c9680000)
 Metaspace       used 71109K, capacity 74411K, committed 74672K, reserved 1114112K
  class space    used 8159K, capacity 9205K, committed 9216K, reserved 1048576K
}
Event: 167.064 GC heap after
{Heap after GC invocations=234 (full 11):
 PSYoungGen      total 15360K, used 1120K [0x00000000eab00000, 0x00000000ec680000, 0x0000000100000000)
  eden space 13824K, 0% used [0x00000000eab00000,0x00000000eab00000,0x00000000eb880000)
  from space 1536K, 72% used [0x00000000ec200000,0x00000000ec318000,0x00000000ec380000)
  to   space 2560K, 0% used [0x00000000ec400000,0x00000000ec400000,0x00000000ec680000)
 ParOldGen       total 154112K, used 117958K [0x00000000c0000000, 0x00000000c9680000, 0x00000000eab00000)
  object space 154112K, 76% used [0x00000000c0000000,0x00000000c73318d0,0x00000000c9680000)
 Metaspace       used 71109K, capacity 74411K, committed 74672K, reserved 1114112K
  class space    used 8159K, capacity 9205K, committed 9216K, reserved 1048576K
}
Event: 305.520 GC heap before
{Heap before GC invocations=235 (full 11):
 PSYoungGen      total 15360K, used 14944K [0x00000000eab00000, 0x00000000ec680000, 0x0000000100000000)
  eden space 13824K, 100% used [0x00000000eab00000,0x00000000eb880000,0x00000000eb880000)
  from space 1536K, 72% used [0x00000000ec200000,0x00000000ec318000,0x00000000ec380000)
  to   space 2560K, 0% used [0x00000000ec400000,0x00000000ec400000,0x00000000ec680000)
 ParOldGen       total 154112K, used 117958K [0x00000000c0000000, 0x00000000c9680000, 0x00000000eab00000)
  object space 154112K, 76% used [0x00000000c0000000,0x00000000c73318d0,0x00000000c9680000)
 Metaspace       used 71236K, capacity 74501K, committed 74672K, reserved 1114112K
  class space    used 8165K, capacity 9210K, committed 9216K, reserved 1048576K
}
Event: 305.524 GC heap after
{Heap after GC invocations=235 (full 11):
 PSYoungGen      total 16384K, used 2544K [0x00000000eab00000, 0x00000000ec680000, 0x0000000100000000)
  eden space 13824K, 0% used [0x00000000eab00000,0x00000000eab00000,0x00000000eb880000)
  from space 2560K, 99% used [0x00000000ec400000,0x00000000ec67c1e0,0x00000000ec680000)
  to   space 6144K, 0% used [0x00000000eba80000,0x00000000eba80000,0x00000000ec080000)
 ParOldGen       total 154112K, used 120518K [0x00000000c0000000, 0x00000000c9680000, 0x00000000eab00000)
  object space 154112K, 78% used [0x00000000c0000000,0x00000000c75b18d0,0x00000000c9680000)
 Metaspace       used 71236K, capacity 74501K, committed 74672K, reserved 1114112K
  class space    used 8165K, capacity 9210K, committed 9216K, reserved 1048576K
}
Event: 558.761 GC heap before
{Heap before GC invocations=236 (full 11):
 PSYoungGen      total 16384K, used 16368K [0x00000000eab00000, 0x00000000ec680000, 0x0000000100000000)
  eden space 13824K, 100% used [0x00000000eab00000,0x00000000eb880000,0x00000000eb880000)
  from space 2560K, 99% used [0x00000000ec400000,0x00000000ec67c1e0,0x00000000ec680000)
  to   space 6144K, 0% used [0x00000000eba80000,0x00000000eba80000,0x00000000ec080000)
 ParOldGen       total 154112K, used 120518K [0x00000000c0000000, 0x00000000c9680000, 0x00000000eab00000)
  object space 154112K, 78% used [0x00000000c0000000,0x00000000c75b18d0,0x00000000c9680000)
 Metaspace       used 71282K, capacity 74501K, committed 74672K, reserved 1114112K
  class space    used 8168K, capacity 9210K, committed 9216K, reserved 1048576K
}
Event: 558.764 GC heap after
{Heap after GC invocations=236 (full 11):
 PSYoungGen      total 19968K, used 64K [0x00000000eab00000, 0x00000000ec480000, 0x0000000100000000)
  eden space 13824K, 0% used [0x00000000eab00000,0x00000000eab00000,0x00000000eb880000)
  from space 6144K, 1% used [0x00000000eba80000,0x00000000eba90000,0x00000000ec080000)
  to   space 2048K, 0% used [0x00000000ec280000,0x00000000ec280000,0x00000000ec480000)
 ParOldGen       total 154112K, used 121630K [0x00000000c0000000, 0x00000000c9680000, 0x00000000eab00000)
  object space 154112K, 78% used [0x00000000c0000000,0x00000000c76c78d0,0x00000000c9680000)
 Metaspace       used 71282K, capacity 74501K, committed 74672K, reserved 1114112K
  class space    used 8168K, capacity 9210K, committed 9216K, reserved 1048576K
}

