# JRE version: Java(TM) SE Runtime Environment (14.0.2+12) (build 14.0.2+12-46)
# Java VM: Java HotSpot(TM) 64-Bit Server VM (14.0.2+12-46, mixed mode, sharing, tiered, compressed oops, g1 gc, linux-amd64)
Heap:
 garbage-first heap   total 550912K, used 227140K [0x0000000740000000, 0x0000000800000000)
  region size 1024K, 158 young (161792K), 36 survivors (36864K)
 Metaspace       used 53977K, capacity 55536K, committed 55984K, reserved 1097728K
  class space    used 7335K, capacity 7910K, committed 7936K, reserved 1048576K
GC Heap History (20 events):
Event: 13.149 GC heap before
{Heap before GC invocations=52 (full 0):
 garbage-first heap   total 458752K, used 317551K [0x0000000740000000, 0x0000000800000000)
  region size 1024K, 268 young (274432K), 13 survivors (13312K)
 Metaspace       used 45699K, capacity 47138K, committed 47408K, reserved 1089536K
  class space    used 6427K, capacity 7000K, committed 7040K, reserved 1048576K
}
Event: 13.170 GC heap after
{Heap after GC invocations=53 (full 0):
 garbage-first heap   total 458752K, used 54383K [0x0000000740000000, 0x0000000800000000)
  region size 1024K, 11 young (11264K), 11 survivors (11264K)
 Metaspace       used 45699K, capacity 47138K, committed 47408K, reserved 1089536K
  class space    used 6427K, capacity 7000K, committed 7040K, reserved 1048576K
}
Event: 13.528 GC heap before
{Heap before GC invocations=53 (full 0):
 garbage-first heap   total 458752K, used 317551K [0x0000000740000000, 0x0000000800000000)
  region size 1024K, 268 young (274432K), 11 survivors (11264K)
 Metaspace       used 45701K, capacity 47138K, committed 47408K, reserved 1089536K
  class space    used 6427K, capacity 7000K, committed 7040K, reserved 1048576K
}
Event: 13.538 GC heap after
{Heap after GC invocations=54 (full 0):
 garbage-first heap   total 458752K, used 55407K [0x0000000740000000, 0x0000000800000000)
  region size 1024K, 12 young (12288K), 12 survivors (12288K)
 Metaspace       used 45701K, capacity 47138K, committed 47408K, reserved 1089536K
  class space    used 6427K, capacity 7000K, committed 7040K, reserved 1048576K
}
Event: 13.899 GC heap before
{Heap before GC invocations=54 (full 0):
 garbage-first heap   total 458752K, used 317551K [0x0000000740000000, 0x0000000800000000)
  region size 1024K, 268 young (274432K), 12 survivors (12288K)
 Metaspace       used 45718K, capacity 47202K, committed 47408K, reserved 1089536K
  class space    used 6427K, capacity 7000K, committed 7040K, reserved 1048576K
}
Event: 13.912 GC heap after
{Heap after GC invocations=55 (full 0):
 garbage-first heap   total 458752K, used 56962K [0x0000000740000000, 0x0000000800000000)
  region size 1024K, 13 young (13312K), 13 survivors (13312K)
 Metaspace       used 45718K, capacity 47202K, committed 47408K, reserved 1089536K
  class space    used 6427K, capacity 7000K, committed 7040K, reserved 1048576K
}
Event: 14.180 GC heap before
{Heap before GC invocations=55 (full 0):
 garbage-first heap   total 458752K, used 318082K [0x0000000740000000, 0x0000000800000000)
  region size 1024K, 268 young (274432K), 13 survivors (13312K)
 Metaspace       used 45722K, capacity 47202K, committed 47408K, reserved 1089536K
  class space    used 6427K, capacity 7000K, committed 7040K, reserved 1048576K
}
Event: 14.190 GC heap after
{Heap after GC invocations=56 (full 0):
 garbage-first heap   total 458752K, used 60384K [0x0000000740000000, 0x0000000800000000)
  region size 1024K, 16 young (16384K), 16 survivors (16384K)
 Metaspace       used 45722K, capacity 47202K, committed 47408K, reserved 1089536K
  class space    used 6427K, capacity 7000K, committed 7040K, reserved 1048576K
}
Event: 14.476 GC heap before
{Heap before GC invocations=56 (full 0):
 garbage-first heap   total 458752K, used 318432K [0x0000000740000000, 0x0000000800000000)
  region size 1024K, 268 young (274432K), 16 survivors (16384K)
 Metaspace       used 45722K, capacity 47202K, committed 47408K, reserved 1089536K
  class space    used 6427K, capacity 7000K, committed 7040K, reserved 1048576K
}
Event: 14.490 GC heap after
{Heap after GC invocations=57 (full 0):
 garbage-first heap   total 458752K, used 60251K [0x0000000740000000, 0x0000000800000000)
  region size 1024K, 15 young (15360K), 15 survivors (15360K)
 Metaspace       used 45722K, capacity 47202K, committed 47408K, reserved 1089536K
  class space    used 6427K, capacity 7000K, committed 7040K, reserved 1048576K
}
Event: 14.813 GC heap before
{Heap before GC invocations=57 (full 0):
 garbage-first heap   total 458752K, used 319323K [0x0000000740000000, 0x0000000800000000)
  region size 1024K, 268 young (274432K), 15 survivors (15360K)
 Metaspace       used 45724K, capacity 47202K, committed 47408K, reserved 1089536K
  class space    used 6427K, capacity 7000K, committed 7040K, reserved 1048576K
}
Event: 14.828 GC heap after
{Heap after GC invocations=58 (full 0):
 garbage-first heap   total 458752K, used 59349K [0x0000000740000000, 0x0000000800000000)
  region size 1024K, 13 young (13312K), 13 survivors (13312K)
 Metaspace       used 45724K, capacity 47202K, committed 47408K, reserved 1089536K
  class space    used 6427K, capacity 7000K, committed 7040K, reserved 1048576K
}
Event: 27.741 GC heap before
{Heap before GC invocations=58 (full 0):
 garbage-first heap   total 458752K, used 319445K [0x0000000740000000, 0x0000000800000000)
  region size 1024K, 268 young (274432K), 13 survivors (13312K)
 Metaspace       used 53505K, capacity 55040K, committed 55472K, reserved 1097728K
  class space    used 7307K, capacity 7875K, committed 7936K, reserved 1048576K
}
Event: 27.769 GC heap after
{Heap after GC invocations=59 (full 0):
 garbage-first heap   total 550912K, used 55824K [0x0000000740000000, 0x0000000800000000)
  region size 1024K, 10 young (10240K), 10 survivors (10240K)
 Metaspace       used 53505K, capacity 55040K, committed 55472K, reserved 1097728K
  class space    used 7307K, capacity 7875K, committed 7936K, reserved 1048576K
}
Event: 43.999 GC heap before
{Heap before GC invocations=59 (full 0):
 garbage-first heap   total 550912K, used 379408K [0x0000000740000000, 0x0000000800000000)
  region size 1024K, 322 young (329728K), 10 survivors (10240K)
 Metaspace       used 53908K, capacity 55402K, committed 55728K, reserved 1097728K
  class space    used 7329K, capacity 7909K, committed 7936K, reserved 1048576K
}
Event: 44.207 GC heap after
{Heap after GC invocations=60 (full 0):
 garbage-first heap   total 550912K, used 93151K [0x0000000740000000, 0x0000000800000000)
  region size 1024K, 41 young (41984K), 41 survivors (41984K)
 Metaspace       used 53908K, capacity 55402K, committed 55728K, reserved 1097728K
  class space    used 7329K, capacity 7909K, committed 7936K, reserved 1048576K
}
Event: 54.142 GC heap before
{Heap before GC invocations=60 (full 0):
 garbage-first heap   total 550912K, used 379871K [0x0000000740000000, 0x0000000800000000)
  region size 1024K, 322 young (329728K), 41 survivors (41984K)
 Metaspace       used 53965K, capacity 55536K, committed 55984K, reserved 1097728K
  class space    used 7333K, capacity 7910K, committed 7936K, reserved 1048576K
}
Event: 54.341 GC heap after
{Heap after GC invocations=61 (full 0):
 garbage-first heap   total 550912K, used 99759K [0x0000000740000000, 0x0000000800000000)
  region size 1024K, 35 young (35840K), 35 survivors (35840K)
 Metaspace       used 53965K, capacity 55536K, committed 55984K, reserved 1097728K
  class space    used 7333K, capacity 7910K, committed 7936K, reserved 1048576K
}
Event: 58.751 GC heap before
{Heap before GC invocations=61 (full 0):
 garbage-first heap   total 550912K, used 393647K [0x0000000740000000, 0x0000000800000000)
  region size 1024K, 322 young (329728K), 35 survivors (35840K)
 Metaspace       used 53975K, capacity 55536K, committed 55984K, reserved 1097728K
  class space    used 7335K, capacity 7910K, committed 7936K, reserved 1048576K
}
Event: 59.105 GC heap after
{Heap after GC invocations=62 (full 0):
 garbage-first heap   total 550912K, used 103236K [0x0000000740000000, 0x0000000800000000)
  region size 1024K, 36 young (36864K), 36 survivors (36864K)
 Metaspace       used 53975K, capacity 55536K, committed 55984K, reserved 1097728K
  class space    used 7335K, capacity 7910K, committed 7936K, reserved 1048576K
}

