# JRE version: Java(TM) SE Runtime Environment (14.0.2+12) (build 14.0.2+12-46)
# Java VM: Java HotSpot(TM) 64-Bit Server VM (14.0.2+12-46, mixed mode, sharing, tiered, compressed oops, parallel gc, linux-amd64)
Heap:
 PSYoungGen      total 55808K, used 1001K [0x00000000eab00000, 0x00000000ee980000, 0x0000000100000000)
  eden space 54784K, 0% used [0x00000000eab00000,0x00000000eab00000,0x00000000ee080000)
  from space 1024K, 97% used [0x00000000ee880000,0x00000000ee97a698,0x00000000ee980000)
  to   space 1536K, 0% used [0x00000000ee080000,0x00000000ee080000,0x00000000ee200000)
 ParOldGen       total 165888K, used 165886K [0x00000000c0000000, 0x00000000ca200000, 0x00000000eab00000)
  object space 165888K, 99% used [0x00000000c0000000,0x00000000ca1ff8a8,0x00000000ca200000)
 Metaspace       used 60168K, capacity 62983K, committed 63272K, reserved 1103872K
  class space    used 7057K, capacity 8050K, committed 8064K, reserved 1048576K
GC Heap History (20 events):
Event: 136.444 GC heap after
{Heap after GC invocations=495 (full 8):
 PSYoungGen      total 36352K, used 1162K [0x00000000eab00000, 0x00000000ed080000, 0x0000000100000000)
  eden space 34816K, 0% used [0x00000000eab00000,0x00000000eab00000,0x00000000ecd00000)
  from space 1536K, 75% used [0x00000000ecf00000,0x00000000ed022980,0x00000000ed080000)
  to   space 1536K, 0% used [0x00000000ecd80000,0x00000000ecd80000,0x00000000ecf00000)
 ParOldGen       total 164352K, used 151314K [0x00000000c0000000, 0x00000000ca080000, 0x00000000eab00000)
  object space 164352K, 92% used [0x00000000c0000000,0x00000000c93c4ae8,0x00000000ca080000)
 Metaspace       used 60163K, capacity 62983K, committed 63272K, reserved 1103872K
  class space    used 7057K, capacity 8050K, committed 8064K, reserved 1048576K
}
Event: 136.570 GC heap before
{Heap before GC invocations=496 (full 8):
 PSYoungGen      total 36352K, used 35978K [0x00000000eab00000, 0x00000000ed080000, 0x0000000100000000)
  eden space 34816K, 100% used [0x00000000eab00000,0x00000000ecd00000,0x00000000ecd00000)
  from space 1536K, 75% used [0x00000000ecf00000,0x00000000ed022980,0x00000000ed080000)
  to   space 1536K, 0% used [0x00000000ecd80000,0x00000000ecd80000,0x00000000ecf00000)
 ParOldGen       total 164352K, used 151314K [0x00000000c0000000, 0x00000000ca080000, 0x00000000eab00000)
  object space 164352K, 92% used [0x00000000c0000000,0x00000000c93c4ae8,0x00000000ca080000)
 Metaspace       used 60163K, capacity 62983K, committed 63272K, reserved 1103872K
  class space    used 7057K, capacity 8050K, committed 8064K, reserved 1048576K
}
Event: 136.672 GC heap after
{Heap after GC invocations=496 (full 8):
 PSYoungGen      total 36864K, used 1504K [0x00000000eab00000, 0x00000000ed900000, 0x0000000100000000)
  eden space 35328K, 0% used [0x00000000eab00000,0x00000000eab00000,0x00000000ecd80000)
  from space 1536K, 97% used [0x00000000ecd80000,0x00000000ecef8180,0x00000000ecf00000)
  to   space 3072K, 0% used [0x00000000ed600000,0x00000000ed600000,0x00000000ed900000)
 ParOldGen       total 164352K, used 152263K [0x00000000c0000000, 0x00000000ca080000, 0x00000000eab00000)
  object space 164352K, 92% used [0x00000000c0000000,0x00000000c94b1c60,0x00000000ca080000)
 Metaspace       used 60163K, capacity 62983K, committed 63272K, reserved 1103872K
  class space    used 7057K, capacity 8050K, committed 8064K, reserved 1048576K
}
Event: 136.956 GC heap before
{Heap before GC invocations=497 (full 8):
 PSYoungGen      total 36864K, used 36832K [0x00000000eab00000, 0x00000000ed900000, 0x0000000100000000)
  eden space 35328K, 100% used [0x00000000eab00000,0x00000000ecd80000,0x00000000ecd80000)
  from space 1536K, 97% used [0x00000000ecd80000,0x00000000ecef8180,0x00000000ecf00000)
  to   space 3072K, 0% used [0x00000000ed600000,0x00000000ed600000,0x00000000ed900000)
 ParOldGen       total 164352K, used 152263K [0x00000000c0000000, 0x00000000ca080000, 0x00000000eab00000)
  object space 164352K, 92% used [0x00000000c0000000,0x00000000c94b1c60,0x00000000ca080000)
 Metaspace       used 60163K, capacity 62983K, committed 63272K, reserved 1103872K
  class space    used 7057K, capacity 8050K, committed 8064K, reserved 1048576K
}
Event: 137.169 GC heap after
{Heap after GC invocations=497 (full 8):
 PSYoungGen      total 44032K, used 2508K [0x00000000eab00000, 0x00000000ed980000, 0x0000000100000000)
  eden space 40960K, 0% used [0x00000000eab00000,0x00000000eab00000,0x00000000ed300000)
  from space 3072K, 81% used [0x00000000ed600000,0x00000000ed873180,0x00000000ed900000)
  to   space 3072K, 0% used [0x00000000ed300000,0x00000000ed300000,0x00000000ed600000)
 ParOldGen       total 164352K, used 153192K [0x00000000c0000000, 0x00000000ca080000, 0x00000000eab00000)
  object space 164352K, 93% used [0x00000000c0000000,0x00000000c959a290,0x00000000ca080000)
 Metaspace       used 60163K, capacity 62983K, committed 63272K, reserved 1103872K
  class space    used 7057K, capacity 8050K, committed 8064K, reserved 1048576K
}
Event: 137.959 GC heap before
{Heap before GC invocations=498 (full 8):
 PSYoungGen      total 44032K, used 43468K [0x00000000eab00000, 0x00000000ed980000, 0x0000000100000000)
  eden space 40960K, 100% used [0x00000000eab00000,0x00000000ed300000,0x00000000ed300000)
  from space 3072K, 81% used [0x00000000ed600000,0x00000000ed873180,0x00000000ed900000)
  to   space 3072K, 0% used [0x00000000ed300000,0x00000000ed300000,0x00000000ed600000)
 ParOldGen       total 164352K, used 153192K [0x00000000c0000000, 0x00000000ca080000, 0x00000000eab00000)
  object space 164352K, 93% used [0x00000000c0000000,0x00000000c959a290,0x00000000ca080000)
 Metaspace       used 60163K, capacity 62983K, committed 63272K, reserved 1103872K
  class space    used 7057K, capacity 8050K, committed 8064K, reserved 1048576K
}
Event: 137.985 GC heap after
{Heap after GC invocations=498 (full 8):
 PSYoungGen      total 44032K, used 436K [0x00000000eab00000, 0x00000000edc80000, 0x0000000100000000)
  eden space 40960K, 0% used [0x00000000eab00000,0x00000000eab00000,0x00000000ed300000)
  from space 3072K, 14% used [0x00000000ed300000,0x00000000ed36d178,0x00000000ed600000)
  to   space 1536K, 0% used [0x00000000edb00000,0x00000000edb00000,0x00000000edc80000)
 ParOldGen       total 164352K, used 155144K [0x00000000c0000000, 0x00000000ca080000, 0x00000000eab00000)
  object space 164352K, 94% used [0x00000000c0000000,0x00000000c9782298,0x00000000ca080000)
 Metaspace       used 60163K, capacity 62983K, committed 63272K, reserved 1103872K
  class space    used 7057K, capacity 8050K, committed 8064K, reserved 1048576K
}
Event: 138.100 GC heap before
{Heap before GC invocations=499 (full 8):
 PSYoungGen      total 44032K, used 41396K [0x00000000eab00000, 0x00000000edc80000, 0x0000000100000000)
  eden space 40960K, 100% used [0x00000000eab00000,0x00000000ed300000,0x00000000ed300000)
  from space 3072K, 14% used [0x00000000ed300000,0x00000000ed36d178,0x00000000ed600000)
  to   space 1536K, 0% used [0x00000000edb00000,0x00000000edb00000,0x00000000edc80000)
 ParOldGen       total 164352K, used 155144K [0x00000000c0000000, 0x00000000ca080000, 0x00000000eab00000)
  object space 164352K, 94% used [0x00000000c0000000,0x00000000c9782298,0x00000000ca080000)
 Metaspace       used 60163K, capacity 62983K, committed 63272K, reserved 1103872K
  class space    used 7057K, capacity 8050K, committed 8064K, reserved 1048576K
}
Event: 138.170 GC heap after
{Heap after GC invocations=499 (full 8):
 PSYoungGen      total 49152K, used 884K [0x00000000eab00000, 0x00000000edc00000, 0x0000000100000000)
  eden space 48128K, 0% used [0x00000000eab00000,0x00000000eab00000,0x00000000eda00000)
  from space 1024K, 86% used [0x00000000edb00000,0x00000000edbdd178,0x00000000edc00000)
  to   space 1024K, 0% used [0x00000000eda00000,0x00000000eda00000,0x00000000edb00000)
 ParOldGen       total 164352K, used 155352K [0x00000000c0000000, 0x00000000ca080000, 0x00000000eab00000)
  object space 164352K, 94% used [0x00000000c0000000,0x00000000c97b6298,0x00000000ca080000)
 Metaspace       used 60163K, capacity 62983K, committed 63272K, reserved 1103872K
  class space    used 7057K, capacity 8050K, committed 8064K, reserved 1048576K
}
Event: 138.541 GC heap before
{Heap before GC invocations=500 (full 8):
 PSYoungGen      total 49152K, used 49012K [0x00000000eab00000, 0x00000000edc00000, 0x0000000100000000)
  eden space 48128K, 100% used [0x00000000eab00000,0x00000000eda00000,0x00000000eda00000)
  from space 1024K, 86% used [0x00000000edb00000,0x00000000edbdd178,0x00000000edc00000)
  to   space 1024K, 0% used [0x00000000eda00000,0x00000000eda00000,0x00000000edb00000)
 ParOldGen       total 164352K, used 155352K [0x00000000c0000000, 0x00000000ca080000, 0x00000000eab00000)
  object space 164352K, 94% used [0x00000000c0000000,0x00000000c97b6298,0x00000000ca080000)
 Metaspace       used 60166K, capacity 62983K, committed 63272K, reserved 1103872K
  class space    used 7057K, capacity 8050K, committed 8064K, reserved 1048576K
}
Event: 138.600 GC heap after
{Heap after GC invocations=500 (full 8):
 PSYoungGen      total 49152K, used 1012K [0x00000000eab00000, 0x00000000ee500000, 0x0000000100000000)
  eden space 48128K, 0% used [0x00000000eab00000,0x00000000eab00000,0x00000000eda00000)
  from space 1024K, 98% used [0x00000000eda00000,0x00000000edafd178,0x00000000edb00000)
  to   space 1536K, 0% used [0x00000000ee380000,0x00000000ee380000,0x00000000ee500000)
 ParOldGen       total 164352K, used 155720K [0x00000000c0000000, 0x00000000ca080000, 0x00000000eab00000)
  object space 164352K, 94% used [0x00000000c0000000,0x00000000c9812298,0x00000000ca080000)
 Metaspace       used 60166K, capacity 62983K, committed 63272K, reserved 1103872K
  class space    used 7057K, capacity 8050K, committed 8064K, reserved 1048576K
}
Event: 139.703 GC heap before
{Heap before GC invocations=501 (full 8):
 PSYoungGen      total 49152K, used 49140K [0x00000000eab00000, 0x00000000ee500000, 0x0000000100000000)
  eden space 48128K, 100% used [0x00000000eab00000,0x00000000eda00000,0x00000000eda00000)
  from space 1024K, 98% used [0x00000000eda00000,0x00000000edafd178,0x00000000edb00000)
  to   space 1536K, 0% used [0x00000000ee380000,0x00000000ee380000,0x00000000ee500000)
 ParOldGen       total 164352K, used 155720K [0x00000000c0000000, 0x00000000ca080000, 0x00000000eab00000)
  object space 164352K, 94% used [0x00000000c0000000,0x00000000c9812298,0x00000000ca080000)
 Metaspace       used 60166K, capacity 62983K, committed 63272K, reserved 1103872K
  class space    used 7057K, capacity 8050K, committed 8064K, reserved 1048576K
}
Event: 139.717 GC heap after
{Heap after GC invocations=501 (full 8):
 PSYoungGen      total 56320K, used 1515K [0x00000000eab00000, 0x00000000ee780000, 0x0000000100000000)
  eden space 54784K, 0% used [0x00000000eab00000,0x00000000eab00000,0x00000000ee080000)
  from space 1536K, 98% used [0x00000000ee380000,0x00000000ee4faea0,0x00000000ee500000)
  to   space 3072K, 0% used [0x00000000ee080000,0x00000000ee080000,0x00000000ee380000)
 ParOldGen       total 164352K, used 156999K [0x00000000c0000000, 0x00000000ca080000, 0x00000000eab00000)
  object space 164352K, 95% used [0x00000000c0000000,0x00000000c9951f28,0x00000000ca080000)
 Metaspace       used 60166K, capacity 62983K, committed 63272K, reserved 1103872K
  class space    used 7057K, capacity 8050K, committed 8064K, reserved 1048576K
}
Event: 139.868 GC heap before
{Heap before GC invocations=502 (full 8):
 PSYoungGen      total 56320K, used 56299K [0x00000000eab00000, 0x00000000ee780000, 0x0000000100000000)
  eden space 54784K, 100% used [0x00000000eab00000,0x00000000ee080000,0x00000000ee080000)
  from space 1536K, 98% used [0x00000000ee380000,0x00000000ee4faea0,0x00000000ee500000)
  to   space 3072K, 0% used [0x00000000ee080000,0x00000000ee080000,0x00000000ee380000)
 ParOldGen       total 164352K, used 156999K [0x00000000c0000000, 0x00000000ca080000, 0x00000000eab00000)
  object space 164352K, 95% used [0x00000000c0000000,0x00000000c9951f28,0x00000000ca080000)
 Metaspace       used 60167K, capacity 62983K, committed 63272K, reserved 1103872K
  class space    used 7057K, capacity 8050K, committed 8064K, reserved 1048576K
}
Event: 139.900 GC heap after
{Heap after GC invocations=502 (full 8):
 PSYoungGen      total 54272K, used 1000K [0x00000000eab00000, 0x00000000ee400000, 0x0000000100000000)
  eden space 53248K, 0% used [0x00000000eab00000,0x00000000eab00000,0x00000000edf00000)
  from space 1024K, 97% used [0x00000000ee080000,0x00000000ee17a2f0,0x00000000ee180000)
  to   space 2048K, 0% used [0x00000000ee200000,0x00000000ee200000,0x00000000ee400000)
 ParOldGen       total 164352K, used 158539K [0x00000000c0000000, 0x00000000ca080000, 0x00000000eab00000)
  object space 164352K, 96% used [0x00000000c0000000,0x00000000c9ad2dc8,0x00000000ca080000)
 Metaspace       used 60167K, capacity 62983K, committed 63272K, reserved 1103872K
  class space    used 7057K, capacity 8050K, committed 8064K, reserved 1048576K
}
Event: 140.012 GC heap before
{Heap before GC invocations=503 (full 8):
 PSYoungGen      total 54272K, used 54248K [0x00000000eab00000, 0x00000000ee400000, 0x0000000100000000)
  eden space 53248K, 100% used [0x00000000eab00000,0x00000000edf00000,0x00000000edf00000)
  from space 1024K, 97% used [0x00000000ee080000,0x00000000ee17a2f0,0x00000000ee180000)
  to   space 2048K, 0% used [0x00000000ee200000,0x00000000ee200000,0x00000000ee400000)
 ParOldGen       total 164352K, used 158539K [0x00000000c0000000, 0x00000000ca080000, 0x00000000eab00000)
  object space 164352K, 96% used [0x00000000c0000000,0x00000000c9ad2dc8,0x00000000ca080000)
 Metaspace       used 60167K, capacity 62983K, committed 63272K, reserved 1103872K
  class space    used 7057K, capacity 8050K, committed 8064K, reserved 1048576K
}
Event: 140.067 GC heap after
{Heap after GC invocations=503 (full 8):
 PSYoungGen      total 56832K, used 1044K [0x00000000eab00000, 0x00000000eea80000, 0x0000000100000000)
  eden space 54784K, 0% used [0x00000000eab00000,0x00000000eab00000,0x00000000ee080000)
  from space 2048K, 50% used [0x00000000ee200000,0x00000000ee305178,0x00000000ee400000)
  to   space 1536K, 0% used [0x00000000ee080000,0x00000000ee080000,0x00000000ee200000)
 ParOldGen       total 164352K, used 158795K [0x00000000c0000000, 0x00000000ca080000, 0x00000000eab00000)
  object space 164352K, 96% used [0x00000000c0000000,0x00000000c9b12dc8,0x00000000ca080000)
 Metaspace       used 60167K, capacity 62983K, committed 63272K, reserved 1103872K
  class space    used 7057K, capacity 8050K, committed 8064K, reserved 1048576K
}
Event: 140.405 GC heap before
{Heap before GC invocations=504 (full 8):
 PSYoungGen      total 56832K, used 55828K [0x00000000eab00000, 0x00000000eea80000, 0x0000000100000000)
  eden space 54784K, 100% used [0x00000000eab00000,0x00000000ee080000,0x00000000ee080000)
  from space 2048K, 50% used [0x00000000ee200000,0x00000000ee305178,0x00000000ee400000)
  to   space 1536K, 0% used [0x00000000ee080000,0x00000000ee080000,0x00000000ee200000)
 ParOldGen       total 164352K, used 158803K [0x00000000c0000000, 0x00000000ca080000, 0x00000000eab00000)
  object space 164352K, 96% used [0x00000000c0000000,0x00000000c9b14dd8,0x00000000ca080000)
 Metaspace       used 60167K, capacity 62983K, committed 63272K, reserved 1103872K
  class space    used 7057K, capacity 8050K, committed 8064K, reserved 1048576K
}
Event: 140.418 GC heap after
{Heap after GC invocations=504 (full 8):
 PSYoungGen      total 56320K, used 436K [0x00000000eab00000, 0x00000000ee980000, 0x0000000100000000)
  eden space 54784K, 0% used [0x00000000eab00000,0x00000000eab00000,0x00000000ee080000)
  from space 1536K, 28% used [0x00000000ee080000,0x00000000ee0ed178,0x00000000ee200000)
  to   space 1024K, 0% used [0x00000000ee880000,0x00000000ee880000,0x00000000ee980000)
 ParOldGen       total 164352K, used 158939K [0x00000000c0000000, 0x00000000ca080000, 0x00000000eab00000)
  object space 164352K, 96% used [0x00000000c0000000,0x00000000c9b36dd8,0x00000000ca080000)
 Metaspace       used 60167K, capacity 62983K, committed 63272K, reserved 1103872K
  class space    used 7057K, capacity 8050K, committed 8064K, reserved 1048576K
}
Event: 140.959 GC heap before
{Heap before GC invocations=505 (full 8):
 PSYoungGen      total 56320K, used 55220K [0x00000000eab00000, 0x00000000ee980000, 0x0000000100000000)
  eden space 54784K, 100% used [0x00000000eab00000,0x00000000ee080000,0x00000000ee080000)
  from space 1536K, 28% used [0x00000000ee080000,0x00000000ee0ed178,0x00000000ee200000)
  to   space 1024K, 0% used [0x00000000ee880000,0x00000000ee880000,0x00000000ee980000)
 ParOldGen       total 164352K, used 158942K [0x00000000c0000000, 0x00000000ca080000, 0x00000000eab00000)
  object space 164352K, 96% used [0x00000000c0000000,0x00000000c9b378a8,0x00000000ca080000)
 Metaspace       used 60168K, capacity 62983K, committed 63272K, reserved 1103872K
  class space    used 7057K, capacity 8050K, committed 8064K, reserved 1048576K
}

