# JRE version: Java(TM) SE Runtime Environment (14.0.2+12) (build 14.0.2+12-46)
# Java VM: Java HotSpot(TM) 64-Bit Server VM (14.0.2+12-46, mixed mode, sharing, tiered, compressed oops, g1 gc, linux-amd64)
Heap:
 garbage-first heap   total 741376K, used 67579K [0x0000000740000000, 0x0000000800000000)
  region size 1024K, 11 young (11264K), 11 survivors (11264K)
 Metaspace       used 71218K, capacity 73443K, committed 73520K, reserved 1112064K
  class space    used 9298K, capacity 10108K, committed 10112K, reserved 1048576K
GC Heap History (20 events):
Event: 31.279 GC heap after
{Heap after GC invocations=56 (full 0):
 garbage-first heap   total 242688K, used 63328K [0x0000000740000000, 0x0000000800000000)
  region size 1024K, 10 young (10240K), 10 survivors (10240K)
 Metaspace       used 71200K, capacity 73379K, committed 73520K, reserved 1112064K
  class space    used 9298K, capacity 10108K, committed 10112K, reserved 1048576K
}
Event: 31.517 GC heap before
{Heap before GC invocations=56 (full 0):
 garbage-first heap   total 242688K, used 198496K [0x0000000740000000, 0x0000000800000000)
  region size 1024K, 142 young (145408K), 10 survivors (10240K)
 Metaspace       used 71203K, capacity 73379K, committed 73520K, reserved 1112064K
  class space    used 9298K, capacity 10108K, committed 10112K, reserved 1048576K
}
Event: 31.528 GC heap after
{Heap after GC invocations=57 (full 0):
 garbage-first heap   total 242688K, used 64078K [0x0000000740000000, 0x0000000800000000)
  region size 1024K, 11 young (11264K), 11 survivors (11264K)
 Metaspace       used 71203K, capacity 73379K, committed 73520K, reserved 1112064K
  class space    used 9298K, capacity 10108K, committed 10112K, reserved 1048576K
}
Event: 31.753 GC heap before
{Heap before GC invocations=57 (full 0):
 garbage-first heap   total 242688K, used 198222K [0x0000000740000000, 0x0000000800000000)
  region size 1024K, 142 young (145408K), 11 survivors (11264K)
 Metaspace       used 71203K, capacity 73379K, committed 73520K, reserved 1112064K
  class space    used 9298K, capacity 10108K, committed 10112K, reserved 1048576K
}
Event: 31.761 GC heap after
{Heap after GC invocations=58 (full 0):
 garbage-first heap   total 305152K, used 61721K [0x0000000740000000, 0x0000000800000000)
  region size 1024K, 7 young (7168K), 7 survivors (7168K)
 Metaspace       used 71203K, capacity 73379K, committed 73520K, reserved 1112064K
  class space    used 9298K, capacity 10108K, committed 10112K, reserved 1048576K
}
Event: 32.098 GC heap before
{Heap before GC invocations=58 (full 0):
 garbage-first heap   total 305152K, used 236825K [0x0000000740000000, 0x0000000800000000)
  region size 1024K, 178 young (182272K), 7 survivors (7168K)
 Metaspace       used 71208K, capacity 73379K, committed 73520K, reserved 1112064K
  class space    used 9298K, capacity 10108K, committed 10112K, reserved 1048576K
}
Event: 32.110 GC heap after
{Heap after GC invocations=59 (full 0):
 garbage-first heap   total 305152K, used 62745K [0x0000000740000000, 0x0000000800000000)
  region size 1024K, 8 young (8192K), 8 survivors (8192K)
 Metaspace       used 71208K, capacity 73379K, committed 73520K, reserved 1112064K
  class space    used 9298K, capacity 10108K, committed 10112K, reserved 1048576K
}
Event: 32.360 GC heap before
{Heap before GC invocations=59 (full 0):
 garbage-first heap   total 305152K, used 236825K [0x0000000740000000, 0x0000000800000000)
  region size 1024K, 178 young (182272K), 8 survivors (8192K)
 Metaspace       used 71209K, capacity 73443K, committed 73520K, reserved 1112064K
  class space    used 9298K, capacity 10108K, committed 10112K, reserved 1048576K
}
Event: 32.367 GC heap after
{Heap after GC invocations=60 (full 0):
 garbage-first heap   total 305152K, used 63257K [0x0000000740000000, 0x0000000800000000)
  region size 1024K, 8 young (8192K), 8 survivors (8192K)
 Metaspace       used 71209K, capacity 73443K, committed 73520K, reserved 1112064K
  class space    used 9298K, capacity 10108K, committed 10112K, reserved 1048576K
}
Event: 32.640 GC heap before
{Heap before GC invocations=60 (full 0):
 garbage-first heap   total 305152K, used 237337K [0x0000000740000000, 0x0000000800000000)
  region size 1024K, 178 young (182272K), 8 survivors (8192K)
 Metaspace       used 71209K, capacity 73443K, committed 73520K, reserved 1112064K
  class space    used 9298K, capacity 10108K, committed 10112K, reserved 1048576K
}
Event: 32.649 GC heap after
{Heap after GC invocations=61 (full 0):
 garbage-first heap   total 305152K, used 64281K [0x0000000740000000, 0x0000000800000000)
  region size 1024K, 9 young (9216K), 9 survivors (9216K)
 Metaspace       used 71209K, capacity 73443K, committed 73520K, reserved 1112064K
  class space    used 9298K, capacity 10108K, committed 10112K, reserved 1048576K
}
Event: 32.901 GC heap before
{Heap before GC invocations=61 (full 0):
 garbage-first heap   total 305152K, used 237337K [0x0000000740000000, 0x0000000800000000)
  region size 1024K, 178 young (182272K), 9 survivors (9216K)
 Metaspace       used 71213K, capacity 73443K, committed 73520K, reserved 1112064K
  class space    used 9298K, capacity 10108K, committed 10112K, reserved 1048576K
}
Event: 32.913 GC heap after
{Heap after GC invocations=62 (full 0):
 garbage-first heap   total 370688K, used 65305K [0x0000000740000000, 0x0000000800000000)
  region size 1024K, 10 young (10240K), 10 survivors (10240K)
 Metaspace       used 71213K, capacity 73443K, committed 73520K, reserved 1112064K
  class space    used 9298K, capacity 10108K, committed 10112K, reserved 1048576K
}
Event: 34.114 GC heap before
{Heap before GC invocations=62 (full 0):
 garbage-first heap   total 370688K, used 277273K [0x0000000740000000, 0x0000000800000000)
  region size 1024K, 217 young (222208K), 10 survivors (10240K)
 Metaspace       used 71213K, capacity 73443K, committed 73520K, reserved 1112064K
  class space    used 9298K, capacity 10108K, committed 10112K, reserved 1048576K
}
Event: 34.262 GC heap after
{Heap after GC invocations=63 (full 0):
 garbage-first heap   total 370688K, used 67865K [0x0000000740000000, 0x0000000800000000)
  region size 1024K, 13 young (13312K), 13 survivors (13312K)
 Metaspace       used 71213K, capacity 73443K, committed 73520K, reserved 1112064K
  class space    used 9298K, capacity 10108K, committed 10112K, reserved 1048576K
}
Event: 35.133 GC heap before
{Heap before GC invocations=63 (full 0):
 garbage-first heap   total 370688K, used 276761K [0x0000000740000000, 0x0000000800000000)
  region size 1024K, 217 young (222208K), 13 survivors (13312K)
 Metaspace       used 71217K, capacity 73443K, committed 73520K, reserved 1112064K
  class space    used 9298K, capacity 10108K, committed 10112K, reserved 1048576K
}
Event: 35.146 GC heap after
{Heap after GC invocations=64 (full 0):
 garbage-first heap   total 370688K, used 65809K [0x0000000740000000, 0x0000000800000000)
  region size 1024K, 10 young (10240K), 10 survivors (10240K)
 Metaspace       used 71217K, capacity 73443K, committed 73520K, reserved 1112064K
  class space    used 9298K, capacity 10108K, committed 10112K, reserved 1048576K
}
Event: 35.806 GC heap before
{Heap before GC invocations=64 (full 0):
 garbage-first heap   total 370688K, used 277777K [0x0000000740000000, 0x0000000800000000)
  region size 1024K, 217 young (222208K), 10 survivors (10240K)
 Metaspace       used 71218K, capacity 73443K, committed 73520K, reserved 1112064K
  class space    used 9298K, capacity 10108K, committed 10112K, reserved 1048576K
}
Event: 35.826 GC heap after
{Heap after GC invocations=65 (full 0):
 garbage-first heap   total 370688K, used 67347K [0x0000000740000000, 0x0000000800000000)
  region size 1024K, 11 young (11264K), 11 survivors (11264K)
 Metaspace       used 71218K, capacity 73443K, committed 73520K, reserved 1112064K
  class space    used 9298K, capacity 10108K, committed 10112K, reserved 1048576K
}
Event: 36.260 GC heap before
{Heap before GC invocations=65 (full 0):
 garbage-first heap   total 370688K, used 278291K [0x0000000740000000, 0x0000000800000000)
  region size 1024K, 217 young (222208K), 11 survivors (11264K)
 Metaspace       used 71218K, capacity 73443K, committed 73520K, reserved 1112064K
  class space    used 9298K, capacity 10108K, committed 10112K, reserved 1048576K
}

