# JRE version: Java(TM) SE Runtime Environment Oracle GraalVM 21.0.5+9.1 (21.0.5+9) (build 21.0.5+9-LTS-jvmci-23.1-b48)
# Java VM: Java HotSpot(TM) 64-Bit Server VM Oracle GraalVM 21.0.5+9.1 (21.0.5+9-LTS-jvmci-23.1-b48, mixed mode, sharing, tiered, jvmci, jvmci compiler, compressed oops, compressed class ptrs, g1 gc, windows-amd64)
GC Precious Log:
 CardTable entry size: 512
 Card Set container configuration: InlinePtr #cards 4 size 8 Array Of Cards #cards 64 size 144 Howl #buckets 8 coarsen threshold 14745 Howl Bitmap #cards 2048 size 272 coarsen threshold 1843 Card regions per heap region 1 cards per card region 16384
 CPUs: 12 total, 12 available
 Memory: 40701M
 Large Page Support: Disabled
 NUMA Support: Disabled
 Compressed Oops: Enabled (Zero based)
 Heap Region Size: 8M
 Heap Min Capacity: 8M
 Heap Initial Capacity: 8M
 Heap Max Capacity: 10176M
 Pre-touch: Disabled
 Parallel Workers: 10
 Concurrent Workers: 3
 Concurrent Refinement Workers: 10
 Periodic GC: Disabled
Heap:
 garbage-first heap   total 32768K, used 10946K [0x0000000584000000, 0x0000000800000000)
  region size 8192K, 1 young (8192K), 1 survivors (8192K)
 Metaspace       used 11791K, committed 12032K, reserved 1114112K
  class space    used 1202K, committed 1344K, reserved 1048576K
GC Heap History (15 events):
Event: 2.490 GC heap before
{Heap before GC invocations=0 (full 0):
 garbage-first heap   total 8192K, used 8192K [0x0000000584000000, 0x0000000800000000)
  region size 8192K, 1 young (8192K), 0 survivors (0K)
 Metaspace       used 9044K, committed 9216K, reserved 1114112K
  class space    used 1000K, committed 1088K, reserved 1048576K
}
Event: 2.503 GC heap after
{Heap after GC invocations=1 (full 0):
 garbage-first heap   total 16384K, used 3552K [0x0000000584000000, 0x0000000800000000)
  region size 8192K, 1 young (8192K), 1 survivors (8192K)
 Metaspace       used 9044K, committed 9216K, reserved 1114112K
  class space    used 1000K, committed 1088K, reserved 1048576K
}
Event: 2.503 GC heap before
{Heap before GC invocations=1 (full 0):
 garbage-first heap   total 24576K, used 3552K [0x0000000584000000, 0x0000000800000000)
  region size 8192K, 1 young (8192K), 1 survivors (8192K)
 Metaspace       used 9044K, committed 9216K, reserved 1114112K
  class space    used 1000K, committed 1088K, reserved 1048576K
}
Event: 2.519 GC heap after
{Heap after GC invocations=2 (full 1):
 garbage-first heap   total 24576K, used 3322K [0x0000000584000000, 0x0000000800000000)
  region size 8192K, 0 young (0K), 0 survivors (0K)
 Metaspace       used 9044K, committed 9216K, reserved 1114112K
  class space    used 1000K, committed 1088K, reserved 1048576K
}
Event: 3.157 GC heap before
{Heap before GC invocations=2 (full 1):
 garbage-first heap   total 24576K, used 11514K [0x0000000584000000, 0x0000000800000000)
  region size 8192K, 1 young (8192K), 0 survivors (0K)
 Metaspace       used 10609K, committed 10816K, reserved 1114112K
  class space    used 1128K, committed 1216K, reserved 1048576K
}
Event: 3.161 GC heap after
{Heap after GC invocations=3 (full 1):
 garbage-first heap   total 24576K, used 5244K [0x0000000584000000, 0x0000000800000000)
  region size 8192K, 1 young (8192K), 1 survivors (8192K)
 Metaspace       used 10609K, committed 10816K, reserved 1114112K
  class space    used 1128K, committed 1216K, reserved 1048576K
}
Event: 3.162 GC heap before
{Heap before GC invocations=3 (full 1):
 garbage-first heap   total 32768K, used 5244K [0x0000000584000000, 0x0000000800000000)
  region size 8192K, 1 young (8192K), 1 survivors (8192K)
 Metaspace       used 10609K, committed 10816K, reserved 1114112K
  class space    used 1128K, committed 1216K, reserved 1048576K
}
Event: 3.188 GC heap after
{Heap after GC invocations=4 (full 2):
 garbage-first heap   total 32768K, used 4982K [0x0000000584000000, 0x0000000800000000)
  region size 8192K, 0 young (0K), 0 survivors (0K)
 Metaspace       used 10609K, committed 10816K, reserved 1114112K
  class space    used 1128K, committed 1216K, reserved 1048576K
}
Event: 3.399 GC heap before
{Heap before GC invocations=4 (full 2):
 garbage-first heap   total 32768K, used 13174K [0x0000000584000000, 0x0000000800000000)
  region size 8192K, 1 young (8192K), 0 survivors (0K)
 Metaspace       used 11066K, committed 11264K, reserved 1114112K
  class space    used 1175K, committed 1280K, reserved 1048576K
}
Event: 3.403 GC heap after
{Heap after GC invocations=5 (full 2):
 garbage-first heap   total 32768K, used 6402K [0x0000000584000000, 0x0000000800000000)
  region size 8192K, 1 young (8192K), 1 survivors (8192K)
 Metaspace       used 11066K, committed 11264K, reserved 1114112K
  class space    used 1175K, committed 1280K, reserved 1048576K
}
Event: 3.834 GC heap before
{Heap before GC invocations=5 (full 2):
 garbage-first heap   total 32768K, used 14594K [0x0000000584000000, 0x0000000800000000)
  region size 8192K, 2 young (16384K), 1 survivors (8192K)
 Metaspace       used 11247K, committed 11456K, reserved 1114112K
  class space    used 1191K, committed 1280K, reserved 1048576K
}
Event: 3.838 GC heap after
{Heap after GC invocations=6 (full 2):
 garbage-first heap   total 32768K, used 7214K [0x0000000584000000, 0x0000000800000000)
  region size 8192K, 1 young (8192K), 1 survivors (8192K)
 Metaspace       used 11247K, committed 11456K, reserved 1114112K
  class space    used 1191K, committed 1280K, reserved 1048576K
}
Event: 3.967 GC heap before
{Heap before GC invocations=6 (full 2):
 garbage-first heap   total 32768K, used 15406K [0x0000000584000000, 0x0000000800000000)
  region size 8192K, 2 young (16384K), 1 survivors (8192K)
 Metaspace       used 11420K, committed 11584K, reserved 1114112K
  class space    used 1193K, committed 1280K, reserved 1048576K
}
Event: 3.974 GC heap after
{Heap after GC invocations=7 (full 2):
 garbage-first heap   total 32768K, used 9254K [0x0000000584000000, 0x0000000800000000)
  region size 8192K, 1 young (8192K), 1 survivors (8192K)
 Metaspace       used 11420K, committed 11584K, reserved 1114112K
  class space    used 1193K, committed 1280K, reserved 1048576K
}
Event: 4.193 GC heap before
{Heap before GC invocations=7 (full 2):
 garbage-first heap   total 32768K, used 17446K [0x0000000584000000, 0x0000000800000000)
  region size 8192K, 2 young (16384K), 1 survivors (8192K)
 Metaspace       used 11791K, committed 12032K, reserved 1114112K
  class space    used 1202K, committed 1344K, reserved 1048576K
}

